\BOOKMARK [-1][-]{part.1}{I Introducci\363n}{}% 1
\BOOKMARK [0][-]{section.0.1}{Prop\363sito}{part.1}% 2
\BOOKMARK [1][-]{subsection.0.1.1}{Prop\363sito}{section.0.1}% 3
\BOOKMARK [2][-]{subsection.0.1.2}{Audiencia}{subsection.0.1.1}% 4
\BOOKMARK [1][-]{section.0.2}{Alcance}{section.0.1}% 5
\BOOKMARK [1][-]{section.0.3}{Definiciones, acr\363nimos y abreviaturas}{section.0.1}% 6
\BOOKMARK [1][-]{section.0.4}{Referencias}{section.0.1}% 7
\BOOKMARK [1][-]{section.0.5}{Resumen}{section.0.1}% 8
\BOOKMARK [-1][-]{part.2}{II Descripci\363n general}{}% 9
\BOOKMARK [0][-]{section.0.1}{Perspectiva del producto}{part.2}% 10
\BOOKMARK [1][-]{section.0.2}{Funciones del producto}{section.0.1}% 11
\BOOKMARK [1][-]{section.0.3}{Caracter\355sticas del usuario}{section.0.1}% 12
\BOOKMARK [1][-]{section.0.4}{Restricciones}{section.0.1}% 13
\BOOKMARK [1][-]{section.0.5}{Supuestos y dependencias}{section.0.1}% 14
\BOOKMARK [1][-]{section.0.6}{Requisitos futuros}{section.0.1}% 15
\BOOKMARK [-1][-]{part.3}{III Requisitos espec\355ficos}{}% 16
\BOOKMARK [0][-]{section.0.1}{Interfaces externos}{part.3}% 17
\BOOKMARK [1][-]{section.0.2}{Funciones}{section.0.1}% 18
\BOOKMARK [1][-]{section.0.3}{Requisitos de rendimiento}{section.0.1}% 19
\BOOKMARK [1][-]{section.0.4}{Requisitos l\363gicos de la base de datos}{section.0.1}% 20
\BOOKMARK [1][-]{section.0.5}{Restricciones de dise\361o}{section.0.1}% 21
\BOOKMARK [1][-]{section.0.6}{Atributos del sistema software}{section.0.1}% 22
