\BOOKMARK [-1][-]{part.1}{I Introduci\363n}{}% 1
\BOOKMARK [0][-]{section.0.1}{Prop\363sito}{part.1}% 2
\BOOKMARK [1][-]{section.0.2}{Audiencia}{section.0.1}% 3
\BOOKMARK [1][-]{section.0.3}{Alcance}{section.0.1}% 4
\BOOKMARK [1][-]{section.0.4}{Definiciones, acr\363nimos y abreviaturas}{section.0.1}% 5
\BOOKMARK [1][-]{section.0.5}{Referencias}{section.0.1}% 6
\BOOKMARK [-1][-]{part.2}{II Requisitos}{}% 7
\BOOKMARK [0][-]{section.0.1}{Modelo de Dominio}{part.2}% 8
\BOOKMARK [1][-]{section.0.2}{Diagramas de actividad}{section.0.1}% 9
\BOOKMARK [-1][-]{part.3}{III An\341lisis}{}% 10
\BOOKMARK [0][-]{section.0.1}{Diagamas de paquetes}{part.3}% 11
\BOOKMARK [1][-]{section.0.2}{Diagramas de comunicaci\363n}{section.0.1}% 12
\BOOKMARK [2][-]{subsection.0.2.1}{Men\372 del restaurante}{section.0.2}% 13
\BOOKMARK [2][-]{subsection.0.2.2}{Reservas del restaurante}{section.0.2}% 14
\BOOKMARK [2][-]{subsection.0.2.3}{Comandas del restaurante}{section.0.2}% 15
\BOOKMARK [2][-]{subsection.0.2.4}{Factura del restaurante}{section.0.2}% 16
\BOOKMARK [2][-]{subsection.0.2.5}{Incidencias de mantenimiento}{section.0.2}% 17
\BOOKMARK [1][-]{section.0.3}{Diagramas de clases de an\341lisis}{section.0.1}% 18
\BOOKMARK [2][-]{subsection.0.3.1}{Men\372 del restaurante}{section.0.3}% 19
\BOOKMARK [2][-]{subsection.0.3.2}{Reservas del restaurante}{section.0.3}% 20
\BOOKMARK [2][-]{subsection.0.3.3}{Comandas del restaurante}{section.0.3}% 21
\BOOKMARK [2][-]{subsection.0.3.4}{Factura del restaurante}{section.0.3}% 22
\BOOKMARK [-1][-]{part.4}{IV Dise\361o}{}% 23
\BOOKMARK [0][-]{section.0.1}{Diagramas de secuencia}{part.4}% 24
\BOOKMARK [1][-]{subsection.0.1.1}{Men\372 del restaurante}{section.0.1}% 25
\BOOKMARK [2][-]{subsection.0.1.2}{Reservas del restaurante}{subsection.0.1.1}% 26
\BOOKMARK [2][-]{subsection.0.1.3}{Comandas del restaurante}{subsection.0.1.1}% 27
\BOOKMARK [2][-]{subsection.0.1.4}{Factura del restaurante}{subsection.0.1.1}% 28
\BOOKMARK [2][-]{subsection.0.1.5}{Recuento de existencias}{subsection.0.1.1}% 29
\BOOKMARK [1][-]{section.0.2}{Diagramas de clases de dise\361o}{section.0.1}% 30
\BOOKMARK [2][-]{subsection.0.2.1}{Men\372 del restaurante}{section.0.2}% 31
\BOOKMARK [2][-]{subsection.0.2.2}{Reservas del restaurante}{section.0.2}% 32
\BOOKMARK [2][-]{subsection.0.2.3}{Comandas del restaurante}{section.0.2}% 33
\BOOKMARK [2][-]{subsection.0.2.4}{Factura del restaurante}{section.0.2}% 34
\BOOKMARK [2][-]{subsection.0.2.5}{Cargadores de ficheros}{section.0.2}% 35
\BOOKMARK [1][-]{section.0.3}{Diagramas de componentes}{section.0.1}% 36
\BOOKMARK [1][-]{section.0.4}{Diagramas de despliegue}{section.0.1}% 37
\BOOKMARK [-1][-]{part.5}{V Patrones de dise\361o}{}% 38
