\BOOKMARK [2][-]{subsection.0.0.1}{Android:}{}% 1
\BOOKMARK [2][-]{subsection.0.0.2}{Base de datos:}{}% 2
\BOOKMARK [2][-]{subsection.0.0.3}{Benchmark:}{}% 3
\BOOKMARK [2][-]{subsection.0.0.4}{Chef:}{}% 4
\BOOKMARK [2][-]{subsection.0.0.5}{Comanda:}{}% 5
\BOOKMARK [2][-]{subsection.0.0.6}{Comensal:}{}% 6
\BOOKMARK [2][-]{subsection.0.0.7}{CU:}{}% 7
\BOOKMARK [2][-]{subsection.0.0.8}{C.V.:}{}% 8
\BOOKMARK [2][-]{subsection.0.0.9}{DAA:}{}% 9
\BOOKMARK [2][-]{subsection.0.0.10}{ECS:}{}% 10
\BOOKMARK [2][-]{subsection.0.0.11}{EP-PPS:}{}% 11
\BOOKMARK [2][-]{subsection.0.0.12}{GCS:}{}% 12
\BOOKMARK [2][-]{subsection.0.0.13}{GR-PPS:}{}% 13
\BOOKMARK [2][-]{subsection.0.0.14}{Hardware:}{}% 14
\BOOKMARK [2][-]{subsection.0.0.15}{iOS:}{}% 15
\BOOKMARK [2][-]{subsection.0.0.16}{Java:}{}% 16
\BOOKMARK [2][-]{subsection.0.0.17}{Log in:}{}% 17
\BOOKMARK [2][-]{subsection.0.0.18}{Ma\356tre:}{}% 18
\BOOKMARK [2][-]{subsection.0.0.19}{PDF:}{}% 19
\BOOKMARK [2][-]{subsection.0.0.20}{Pitanza:}{}% 20
\BOOKMARK [2][-]{subsection.0.0.21}{Procesador:}{}% 21
\BOOKMARK [2][-]{subsection.0.0.22}{PPS:}{}% 22
\BOOKMARK [2][-]{subsection.0.0.23}{PTR-PPS:}{}% 23
\BOOKMARK [2][-]{subsection.0.0.24}{RE-SRS:}{}% 24
\BOOKMARK [2][-]{subsection.0.0.25}{Software:}{}% 25
\BOOKMARK [2][-]{subsection.0.0.26}{SQA:}{}% 26
\BOOKMARK [2][-]{subsection.0.0.27}{SRS:}{}% 27
\BOOKMARK [2][-]{subsection.0.0.28}{Stakeholders:}{}% 28
\BOOKMARK [2][-]{subsection.0.0.29}{Tablet:}{}% 29
\BOOKMARK [2][-]{subsection.0.0.30}{Windows:}{}% 30
\BOOKMARK [2][-]{subsection.0.0.31}{Wi-Fi:}{}% 31
